<?xml version="1.0" encoding="UTF-8"?>
<!-- Generated by org.testng.reporters.JUnitXMLReporter -->
<testsuite ignored="4" hostname="Lucifer" failures="0" tests="6" name="Test" time="174.04" errors="0" timestamp="2025-07-31T16:14:54 IST">
  <testcase classname="Listners_Utilities.BaseClass" name="@BeforeMethod login" time="0.454">
    <failure type="org.openqa.selenium.WebDriverException" message="unknown error: failed to change window state to &amp;apos;normal&amp;apos;, current state is &amp;apos;maximized&amp;apos;
  (Session info: chrome=138.0.7204.169)
Build info: version: &amp;apos;4.27.0&amp;apos;, revision: &amp;apos;d6e718d134&amp;apos;
System info: os.name: &amp;apos;Windows 11&amp;apos;, os.arch: &amp;apos;amd64&amp;apos;, os.version: &amp;apos;10.0&amp;apos;, java.version: &amp;apos;21.0.6&amp;apos;
Driver info: org.openqa.selenium.chrome.ChromeDriver
Command: [caabb21e9aae2f7bd3f741b5afe8f548, maximizeCurrentWindow {}]
Capabilities {acceptInsecureCerts: false, browserName: chrome, browserVersion: 138.0.7204.169, chrome: {chromedriverVersion: 138.0.7204.183 (e90faf484dd..., userDataDir: C:\Users\ASUS\AppData\Local...}, fedcm:accounts: true, goog:chromeOptions: {debuggerAddress: localhost:58493}, networkConnectionEnabled: false, pageLoadStrategy: normal, platformName: windows, proxy: Proxy(), se:cdp: ws://localhost:58493/devtoo..., se:cdpVersion: 138.0.7204.169, setWindowRect: true, strictFileInteractability: false, timeouts: {implicit: 0, pageLoad: 300000, script: 30000}, unhandledPromptBehavior: dismiss and notify, webauthn:extension:credBlob: true, webauthn:extension:largeBlob: true, webauthn:extension:minPinLength: true, webauthn:extension:prf: true, webauthn:virtualAuthenticators: true}
Session ID: caabb21e9aae2f7bd3f741b5afe8f548">
      <![CDATA[org.openqa.selenium.WebDriverException: unknown error: failed to change window state to 'normal', current state is 'maximized'
  (Session info: chrome=138.0.7204.169)
Build info: version: '4.27.0', revision: 'd6e718d134'
System info: os.name: 'Windows 11', os.arch: 'amd64', os.version: '10.0', java.version: '21.0.6'
Driver info: org.openqa.selenium.chrome.ChromeDriver
Command: [caabb21e9aae2f7bd3f741b5afe8f548, maximizeCurrentWindow {}]
Capabilities {acceptInsecureCerts: false, browserName: chrome, browserVersion: 138.0.7204.169, chrome: {chromedriverVersion: 138.0.7204.183 (e90faf484dd..., userDataDir: C:\Users\ASUS\AppData\Local...}, fedcm:accounts: true, goog:chromeOptions: {debuggerAddress: localhost:58493}, networkConnectionEnabled: false, pageLoadStrategy: normal, platformName: windows, proxy: Proxy(), se:cdp: ws://localhost:58493/devtoo..., se:cdpVersion: 138.0.7204.169, setWindowRect: true, strictFileInteractability: false, timeouts: {implicit: 0, pageLoad: 300000, script: 30000}, unhandledPromptBehavior: dismiss and notify, webauthn:extension:credBlob: true, webauthn:extension:largeBlob: true, webauthn:extension:minPinLength: true, webauthn:extension:prf: true, webauthn:virtualAuthenticators: true}
Session ID: caabb21e9aae2f7bd3f741b5afe8f548
at org.openqa.selenium.remote.ErrorCodec.decode(ErrorCodec.java:167)
at org.openqa.selenium.remote.codec.w3c.W3CHttpResponseCodec.decode(W3CHttpResponseCodec.java:138)
at org.openqa.selenium.remote.codec.w3c.W3CHttpResponseCodec.decode(W3CHttpResponseCodec.java:50)
at org.openqa.selenium.remote.HttpCommandExecutor.execute(HttpCommandExecutor.java:190)
at org.openqa.selenium.remote.service.DriverCommandExecutor.invokeExecute(DriverCommandExecutor.java:216)
at org.openqa.selenium.remote.service.DriverCommandExecutor.execute(DriverCommandExecutor.java:174)
at org.openqa.selenium.remote.RemoteWebDriver.execute(RemoteWebDriver.java:545)
at org.openqa.selenium.remote.RemoteWebDriver.execute(RemoteWebDriver.java:618)
at org.openqa.selenium.remote.RemoteWebDriver.execute(RemoteWebDriver.java:622)
at org.openqa.selenium.remote.RemoteWebDriver$RemoteWebDriverOptions$RemoteWindow.maximize(RemoteWebDriver.java:1061)
at Generic_Utilities.WebDriverUtility.maximizetheWindow(WebDriverUtility.java:31)
at Listners_Utilities.BaseClass.login(BaseClass.java:85)
at java.base/java.util.ArrayList.forEach(ArrayList.java:1596)
... Removed 32 stack frames]]>
    </failure>
  </testcase> <!-- @BeforeMethod login -->
  <testcase classname="Listners_Utilities.BaseClass" name="@AfterMethod logout" time="0.0">
    <skipped/>
  </testcase> <!-- @AfterMethod logout -->
  <testcase classname="Listners_Utilities.BaseClass" name="@BeforeMethod login" time="0.0">
    <skipped/>
  </testcase> <!-- @BeforeMethod login -->
  <testcase classname="Listners_Utilities.BaseClass" name="@AfterMethod logout" time="0.0">
    <skipped/>
  </testcase> <!-- @AfterMethod logout -->
  <testcase classname="Listners_Utilities.BaseClass" name="@AfterClass closeTheBrowser" time="0.0">
    <skipped/>
  </testcase> <!-- @AfterClass closeTheBrowser -->
  <testcase classname="Vtiger_Framework.CreateContactGroup" name="createContactModule_1st" time="24.236"/>
  <testcase classname="Vtiger_Framework.CreateContactGroup" name="createContactModule_2nd" time="21.644"/>
  <testcase classname="Vtiger_Framework.CreateContactGroup" name="createContactModule_3rd" time="65.598"/>
  <testcase classname="Vtiger_Framework.CreateOrgGroup" name="createNewOrgTest" time="25.317"/>
  <testcase classname="Vtiger_Framework.CreateOrgGroup" name="createNewOrgTest_Excel" time="0.0">
    <skipped/>
  </testcase> <!-- createNewOrgTest_Excel -->
  <testcase classname="Vtiger_Framework.CreateOrgGroup" name="createNewOrgTest_Excel_3rd_script" time="0.0">
    <skipped/>
  </testcase> <!-- createNewOrgTest_Excel_3rd_script -->
  <testcase classname="Listners_Utilities.BaseClass" name="@BeforeTest conParallelExe" time="0.0">
    <ignored/>
  </testcase> <!-- @BeforeTest conParallelExe -->
  <testcase classname="Listners_Utilities.BaseClass" name="@BeforeSuite getConnectionToDB" time="0.0">
    <ignored/>
  </testcase> <!-- @BeforeSuite getConnectionToDB -->
  <testcase classname="Listners_Utilities.BaseClass" name="@AfterTest closeParalelExe" time="0.0">
    <ignored/>
  </testcase> <!-- @AfterTest closeParalelExe -->
  <testcase classname="Listners_Utilities.BaseClass" name="@AfterSuite closeConnectionWithDB" time="0.0">
    <ignored/>
  </testcase> <!-- @AfterSuite closeConnectionWithDB -->
</testsuite> <!-- Test -->
