<?xml version="1.0" encoding="UTF-8"?>
<!-- Generated by org.testng.reporters.JUnitXMLReporter -->
<testsuite ignored="4" hostname="Lucifer" failures="3" tests="6" name="Test_1" time="173.412" errors="0" timestamp="2025-07-28T17:21:31 IST">
  <testcase classname="Vtiger_Framework.CreateContactGroup" name="createContactModule_1st" time="23.713"/>
  <testcase classname="Vtiger_Framework.CreateContactGroup" name="createContactModule_2nd" time="20.15"/>
  <testcase classname="Vtiger_Framework.CreateContactGroup" name="createContactModule_3rd" time="44.044"/>
  <testcase classname="Vtiger_Framework.CreateOrgGroup" name="createNewOrgTest" time="12.44">
    <failure type="java.lang.AssertionError" message="expected [[ ACC114 ] Tcs - Organization Information] but found [Tcs]">
      <![CDATA[java.lang.AssertionError: expected [[ ACC114 ] Tcs - Organization Information] but found [Tcs]
at Vtiger_Framework.CreateOrgGroup.createNewOrgTest(CreateOrgGroup.java:82)
at java.base/java.util.ArrayList.forEach(ArrayList.java:1596)
... Removed 31 stack frames]]>
    </failure>
  </testcase> <!-- createNewOrgTest -->
  <testcase classname="Vtiger_Framework.CreateOrgGroup" name="createNewOrgTest_Excel" time="12.581">
    <failure type="java.lang.AssertionError" message="expected [[ ACC115 ] Qsp - Organization Information] but found [Qsp]">
      <![CDATA[java.lang.AssertionError: expected [[ ACC115 ] Qsp - Organization Information] but found [Qsp]
at Vtiger_Framework.CreateOrgGroup.createNewOrgTest_Excel(CreateOrgGroup.java:177)
at java.base/java.util.ArrayList.forEach(ArrayList.java:1596)
... Removed 31 stack frames]]>
    </failure>
  </testcase> <!-- createNewOrgTest_Excel -->
  <testcase classname="Vtiger_Framework.CreateOrgGroup" name="createNewOrgTest_Excel_3rd_script" time="16.901">
    <failure type="java.lang.AssertionError" message="expected [[[ChromeDriver: chrome on windows (5ebefdfe6b9c0199b0cbc708b85f57d3)] -&amp;gt; xpath: //span[contains(text(),&amp;apos;Organization Information&amp;apos;)]]] but found [Tek Pyramid]">
      <![CDATA[java.lang.AssertionError: expected [[[ChromeDriver: chrome on windows (5ebefdfe6b9c0199b0cbc708b85f57d3)] -> xpath: //span[contains(text(),'Organization Information')]]] but found [Tek Pyramid]
at Vtiger_Framework.CreateOrgGroup.createNewOrgTest_Excel_3rd_script(CreateOrgGroup.java:288)
at java.base/java.util.ArrayList.forEach(ArrayList.java:1596)
... Removed 30 stack frames]]>
    </failure>
  </testcase> <!-- createNewOrgTest_Excel_3rd_script -->
  <testcase classname="Vtiger_Framework.BaseClass" name="@BeforeSuite getConnectionToDB" time="0.0">
    <ignored/>
  </testcase> <!-- @BeforeSuite getConnectionToDB -->
  <testcase classname="Vtiger_Framework.BaseClass" name="@BeforeTest conParallelExe" time="0.0">
    <ignored/>
  </testcase> <!-- @BeforeTest conParallelExe -->
  <testcase classname="Vtiger_Framework.BaseClass" name="@AfterSuite closeConnectionWithDB" time="0.0">
    <ignored/>
  </testcase> <!-- @AfterSuite closeConnectionWithDB -->
  <testcase classname="Vtiger_Framework.BaseClass" name="@AfterTest closeParalelExe" time="0.0">
    <ignored/>
  </testcase> <!-- @AfterTest closeParalelExe -->
</testsuite> <!-- Test_1 -->
